<?xml version="1.0"?>
<!DOCTYPE coverage SYSTEM "http://cobertura.sourceforge.net/xml/coverage-04.dtd">

<coverage line-rate="0.7569721115537849" branch-rate="0.47619047619047616" lines-covered="380" lines-valid="502" branches-covered="60" branches-valid="126" complexity="1.9741379310344827" version="1.9.4.1" timestamp="1352143396046">
	<sources>
		<source>--source</source>
		<source>D:/JavaProjects/LocalProject/MailMessanger/src/main/java</source>
	</sources>
	<packages>
		<package name="com.if30v.MailMessanger.beans" line-rate="1.0" branch-rate="1.0" complexity="1.0">
			<classes>
				<class name="com.if30v.MailMessanger.beans.Administrator" filename="com/if30v/MailMessanger/beans/Administrator.java" line-rate="1.0" branch-rate="1.0" complexity="1.0">
					<methods>
						<method name="&lt;init&gt;" signature="()V" line-rate="1.0" branch-rate="1.0">
							<lines>
								<line number="33" hits="16" branch="false"/>
								<line number="35" hits="16" branch="false"/>
							</lines>
						</method>
						<method name="getId" signature="()I" line-rate="1.0" branch-rate="1.0">
							<lines>
								<line number="38" hits="1" branch="false"/>
							</lines>
						</method>
						<method name="get_User" signature="()Lcom/if30v/MailMessanger/beans/RegistredUser;" line-rate="1.0" branch-rate="1.0">
							<lines>
								<line number="46" hits="1" branch="false"/>
							</lines>
						</method>
						<method name="setId" signature="(I)V" line-rate="1.0" branch-rate="1.0">
							<lines>
								<line number="42" hits="1" branch="false"/>
								<line number="43" hits="1" branch="false"/>
							</lines>
						</method>
						<method name="set_User" signature="(Lcom/if30v/MailMessanger/beans/RegistredUser;)V" line-rate="1.0" branch-rate="1.0">
							<lines>
								<line number="49" hits="2" branch="false"/>
								<line number="50" hits="2" branch="false"/>
							</lines>
						</method>
					</methods>
					<lines>
						<line number="33" hits="16" branch="false"/>
						<line number="35" hits="16" branch="false"/>
						<line number="38" hits="1" branch="false"/>
						<line number="42" hits="1" branch="false"/>
						<line number="43" hits="1" branch="false"/>
						<line number="46" hits="1" branch="false"/>
						<line number="49" hits="2" branch="false"/>
						<line number="50" hits="2" branch="false"/>
					</lines>
				</class>
				<class name="com.if30v.MailMessanger.beans.Contact" filename="com/if30v/MailMessanger/beans/Contact.java" line-rate="1.0" branch-rate="1.0" complexity="1.0">
					<methods>
						<method name="&lt;init&gt;" signature="()V" line-rate="1.0" branch-rate="1.0">
							<lines>
								<line number="41" hits="24" branch="false"/>
								<line number="43" hits="24" branch="false"/>
							</lines>
						</method>
						<method name="get_ContactHolder" signature="()Lcom/if30v/MailMessanger/beans/RegistredUser;" line-rate="1.0" branch-rate="1.0">
							<lines>
								<line number="51" hits="1" branch="false"/>
							</lines>
						</method>
						<method name="get_ContactPerson" signature="()Lcom/if30v/MailMessanger/beans/RegistredUser;" line-rate="1.0" branch-rate="1.0">
							<lines>
								<line number="57" hits="1" branch="false"/>
							</lines>
						</method>
						<method name="get_id" signature="()I" line-rate="1.0" branch-rate="1.0">
							<lines>
								<line number="45" hits="1" branch="false"/>
							</lines>
						</method>
						<method name="set_ContactHolder" signature="(Lcom/if30v/MailMessanger/beans/RegistredUser;)V" line-rate="1.0" branch-rate="1.0">
							<lines>
								<line number="54" hits="2" branch="false"/>
								<line number="55" hits="2" branch="false"/>
							</lines>
						</method>
						<method name="set_ContactPerson" signature="(Lcom/if30v/MailMessanger/beans/RegistredUser;)V" line-rate="1.0" branch-rate="1.0">
							<lines>
								<line number="60" hits="2" branch="false"/>
								<line number="61" hits="2" branch="false"/>
							</lines>
						</method>
						<method name="set_id" signature="(I)V" line-rate="1.0" branch-rate="1.0">
							<lines>
								<line number="48" hits="1" branch="false"/>
								<line number="49" hits="1" branch="false"/>
							</lines>
						</method>
					</methods>
					<lines>
						<line number="41" hits="24" branch="false"/>
						<line number="43" hits="24" branch="false"/>
						<line number="45" hits="1" branch="false"/>
						<line number="48" hits="1" branch="false"/>
						<line number="49" hits="1" branch="false"/>
						<line number="51" hits="1" branch="false"/>
						<line number="54" hits="2" branch="false"/>
						<line number="55" hits="2" branch="false"/>
						<line number="57" hits="1" branch="false"/>
						<line number="60" hits="2" branch="false"/>
						<line number="61" hits="2" branch="false"/>
					</lines>
				</class>
				<class name="com.if30v.MailMessanger.beans.Letter" filename="com/if30v/MailMessanger/beans/Letter.java" line-rate="1.0" branch-rate="1.0" complexity="1.0">
					<methods>
						<method name="&lt;init&gt;" signature="()V" line-rate="1.0" branch-rate="1.0">
							<lines>
								<line number="36" hits="47" branch="false"/>
								<line number="40" hits="47" branch="false"/>
								<line number="42" hits="47" branch="false"/>
							</lines>
						</method>
						<method name="getLetter_Sender_Receivers" signature="()Ljava/util/Collection;" line-rate="1.0" branch-rate="1.0">
							<lines>
								<line number="74" hits="1" branch="false"/>
							</lines>
						</method>
						<method name="get_content" signature="()Ljava/lang/String;" line-rate="1.0" branch-rate="1.0">
							<lines>
								<line number="56" hits="1" branch="false"/>
							</lines>
						</method>
						<method name="get_id" signature="()I" line-rate="1.0" branch-rate="1.0">
							<lines>
								<line number="44" hits="1" branch="false"/>
							</lines>
						</method>
						<method name="get_receiverEmail" signature="()Ljava/lang/String;" line-rate="1.0" branch-rate="1.0">
							<lines>
								<line number="68" hits="1" branch="false"/>
							</lines>
						</method>
						<method name="get_senderEmail" signature="()Ljava/lang/String;" line-rate="1.0" branch-rate="1.0">
							<lines>
								<line number="50" hits="1" branch="false"/>
							</lines>
						</method>
						<method name="get_theme" signature="()Ljava/lang/String;" line-rate="1.0" branch-rate="1.0">
							<lines>
								<line number="62" hits="1" branch="false"/>
							</lines>
						</method>
						<method name="setLetter_Sender_Receivers" signature="(Ljava/util/Collection;)V" line-rate="1.0" branch-rate="1.0">
							<lines>
								<line number="78" hits="1" branch="false"/>
								<line number="79" hits="1" branch="false"/>
							</lines>
						</method>
						<method name="set_content" signature="(Ljava/lang/String;)V" line-rate="1.0" branch-rate="1.0">
							<lines>
								<line number="59" hits="1" branch="false"/>
								<line number="60" hits="1" branch="false"/>
							</lines>
						</method>
						<method name="set_id" signature="(I)V" line-rate="1.0" branch-rate="1.0">
							<lines>
								<line number="47" hits="1" branch="false"/>
								<line number="48" hits="1" branch="false"/>
							</lines>
						</method>
						<method name="set_receiverEmail" signature="(Ljava/lang/String;)V" line-rate="1.0" branch-rate="1.0">
							<lines>
								<line number="71" hits="1" branch="false"/>
								<line number="72" hits="1" branch="false"/>
							</lines>
						</method>
						<method name="set_senderEmail" signature="(Ljava/lang/String;)V" line-rate="1.0" branch-rate="1.0">
							<lines>
								<line number="53" hits="1" branch="false"/>
								<line number="54" hits="1" branch="false"/>
							</lines>
						</method>
						<method name="set_theme" signature="(Ljava/lang/String;)V" line-rate="1.0" branch-rate="1.0">
							<lines>
								<line number="65" hits="1" branch="false"/>
								<line number="66" hits="1" branch="false"/>
							</lines>
						</method>
					</methods>
					<lines>
						<line number="36" hits="47" branch="false"/>
						<line number="40" hits="47" branch="false"/>
						<line number="42" hits="47" branch="false"/>
						<line number="44" hits="1" branch="false"/>
						<line number="47" hits="1" branch="false"/>
						<line number="48" hits="1" branch="false"/>
						<line number="50" hits="1" branch="false"/>
						<line number="53" hits="1" branch="false"/>
						<line number="54" hits="1" branch="false"/>
						<line number="56" hits="1" branch="false"/>
						<line number="59" hits="1" branch="false"/>
						<line number="60" hits="1" branch="false"/>
						<line number="62" hits="1" branch="false"/>
						<line number="65" hits="1" branch="false"/>
						<line number="66" hits="1" branch="false"/>
						<line number="68" hits="1" branch="false"/>
						<line number="71" hits="1" branch="false"/>
						<line number="72" hits="1" branch="false"/>
						<line number="74" hits="1" branch="false"/>
						<line number="78" hits="1" branch="false"/>
						<line number="79" hits="1" branch="false"/>
					</lines>
				</class>
				<class name="com.if30v.MailMessanger.beans.Letter_Sender_Receiver" filename="com/if30v/MailMessanger/beans/Letter_Sender_Receiver.java" line-rate="1.0" branch-rate="1.0" complexity="1.0">
					<methods>
						<method name="&lt;init&gt;" signature="()V" line-rate="1.0" branch-rate="1.0">
							<lines>
								<line number="41" hits="28" branch="false"/>
								<line number="43" hits="28" branch="false"/>
							</lines>
						</method>
						<method name="get_Letter" signature="()Lcom/if30v/MailMessanger/beans/Letter;" line-rate="1.0" branch-rate="1.0">
							<lines>
								<line number="63" hits="1" branch="false"/>
							</lines>
						</method>
						<method name="get_Receiver" signature="()Lcom/if30v/MailMessanger/beans/RegistredUser;" line-rate="1.0" branch-rate="1.0">
							<lines>
								<line number="57" hits="1" branch="false"/>
							</lines>
						</method>
						<method name="get_Sender" signature="()Lcom/if30v/MailMessanger/beans/RegistredUser;" line-rate="1.0" branch-rate="1.0">
							<lines>
								<line number="51" hits="1" branch="false"/>
							</lines>
						</method>
						<method name="get_id" signature="()I" line-rate="1.0" branch-rate="1.0">
							<lines>
								<line number="45" hits="1" branch="false"/>
							</lines>
						</method>
						<method name="is_isRead" signature="()Z" line-rate="1.0" branch-rate="1.0">
							<lines>
								<line number="69" hits="1" branch="false"/>
							</lines>
						</method>
						<method name="is_isRecTrash" signature="()Z" line-rate="1.0" branch-rate="1.0">
							<lines>
								<line number="81" hits="1" branch="false"/>
							</lines>
						</method>
						<method name="is_isSenderTrash" signature="()Z" line-rate="1.0" branch-rate="1.0">
							<lines>
								<line number="75" hits="1" branch="false"/>
							</lines>
						</method>
						<method name="set_Letter" signature="(Lcom/if30v/MailMessanger/beans/Letter;)V" line-rate="1.0" branch-rate="1.0">
							<lines>
								<line number="66" hits="2" branch="false"/>
								<line number="67" hits="2" branch="false"/>
							</lines>
						</method>
						<method name="set_Receiver" signature="(Lcom/if30v/MailMessanger/beans/RegistredUser;)V" line-rate="1.0" branch-rate="1.0">
							<lines>
								<line number="60" hits="2" branch="false"/>
								<line number="61" hits="2" branch="false"/>
							</lines>
						</method>
						<method name="set_Sender" signature="(Lcom/if30v/MailMessanger/beans/RegistredUser;)V" line-rate="1.0" branch-rate="1.0">
							<lines>
								<line number="54" hits="2" branch="false"/>
								<line number="55" hits="2" branch="false"/>
							</lines>
						</method>
						<method name="set_id" signature="(I)V" line-rate="1.0" branch-rate="1.0">
							<lines>
								<line number="48" hits="1" branch="false"/>
								<line number="49" hits="1" branch="false"/>
							</lines>
						</method>
						<method name="set_isRead" signature="(Z)V" line-rate="1.0" branch-rate="1.0">
							<lines>
								<line number="72" hits="2" branch="false"/>
								<line number="73" hits="2" branch="false"/>
							</lines>
						</method>
						<method name="set_isRecTrash" signature="(Z)V" line-rate="1.0" branch-rate="1.0">
							<lines>
								<line number="84" hits="2" branch="false"/>
								<line number="85" hits="2" branch="false"/>
							</lines>
						</method>
						<method name="set_isSenderTrash" signature="(Z)V" line-rate="1.0" branch-rate="1.0">
							<lines>
								<line number="78" hits="2" branch="false"/>
								<line number="79" hits="2" branch="false"/>
							</lines>
						</method>
					</methods>
					<lines>
						<line number="41" hits="28" branch="false"/>
						<line number="43" hits="28" branch="false"/>
						<line number="45" hits="1" branch="false"/>
						<line number="48" hits="1" branch="false"/>
						<line number="49" hits="1" branch="false"/>
						<line number="51" hits="1" branch="false"/>
						<line number="54" hits="2" branch="false"/>
						<line number="55" hits="2" branch="false"/>
						<line number="57" hits="1" branch="false"/>
						<line number="60" hits="2" branch="false"/>
						<line number="61" hits="2" branch="false"/>
						<line number="63" hits="1" branch="false"/>
						<line number="66" hits="2" branch="false"/>
						<line number="67" hits="2" branch="false"/>
						<line number="69" hits="1" branch="false"/>
						<line number="72" hits="2" branch="false"/>
						<line number="73" hits="2" branch="false"/>
						<line number="75" hits="1" branch="false"/>
						<line number="78" hits="2" branch="false"/>
						<line number="79" hits="2" branch="false"/>
						<line number="81" hits="1" branch="false"/>
						<line number="84" hits="2" branch="false"/>
						<line number="85" hits="2" branch="false"/>
					</lines>
				</class>
				<class name="com.if30v.MailMessanger.beans.RegistredUser" filename="com/if30v/MailMessanger/beans/RegistredUser.java" line-rate="1.0" branch-rate="1.0" complexity="1.0">
					<methods>
						<method name="&lt;init&gt;" signature="()V" line-rate="1.0" branch-rate="1.0">
							<lines>
								<line number="57" hits="73" branch="false"/>
								<line number="60" hits="73" branch="false"/>
								<line number="63" hits="73" branch="false"/>
								<line number="66" hits="73" branch="false"/>
								<line number="70" hits="73" branch="false"/>
								<line number="72" hits="73" branch="false"/>
							</lines>
						</method>
						<method name="getHoldedContacts" signature="()Ljava/util/Collection;" line-rate="1.0" branch-rate="1.0">
							<lines>
								<line number="140" hits="1" branch="false"/>
							</lines>
						</method>
						<method name="getIncludedInContacts" signature="()Ljava/util/Collection;" line-rate="1.0" branch-rate="1.0">
							<lines>
								<line number="146" hits="1" branch="false"/>
							</lines>
						</method>
						<method name="getLogin" signature="()Ljava/lang/String;" line-rate="1.0" branch-rate="1.0">
							<lines>
								<line number="110" hits="1" branch="false"/>
							</lines>
						</method>
						<method name="getPassword_hash" signature="()Ljava/lang/String;" line-rate="1.0" branch-rate="1.0">
							<lines>
								<line number="116" hits="1" branch="false"/>
							</lines>
						</method>
						<method name="getPassword_salt" signature="()Ljava/lang/String;" line-rate="1.0" branch-rate="1.0">
							<lines>
								<line number="122" hits="1" branch="false"/>
							</lines>
						</method>
						<method name="getReceivedMails" signature="()Ljava/util/Collection;" line-rate="1.0" branch-rate="1.0">
							<lines>
								<line number="134" hits="1" branch="false"/>
							</lines>
						</method>
						<method name="getSendedMails" signature="()Ljava/util/Collection;" line-rate="1.0" branch-rate="1.0">
							<lines>
								<line number="128" hits="1" branch="false"/>
							</lines>
						</method>
						<method name="get_dateOfBirth" signature="()Ljava/util/Date;" line-rate="1.0" branch-rate="1.0">
							<lines>
								<line number="92" hits="1" branch="false"/>
							</lines>
						</method>
						<method name="get_dateOfREgistration" signature="()Ljava/util/Date;" line-rate="1.0" branch-rate="1.0">
							<lines>
								<line number="98" hits="1" branch="false"/>
							</lines>
						</method>
						<method name="get_fIO" signature="()Ljava/lang/String;" line-rate="1.0" branch-rate="1.0">
							<lines>
								<line number="80" hits="1" branch="false"/>
							</lines>
						</method>
						<method name="get_id" signature="()I" line-rate="1.0" branch-rate="1.0">
							<lines>
								<line number="74" hits="1" branch="false"/>
							</lines>
						</method>
						<method name="get_secondMailAdress" signature="()Ljava/lang/String;" line-rate="1.0" branch-rate="1.0">
							<lines>
								<line number="104" hits="1" branch="false"/>
							</lines>
						</method>
						<method name="get_telephone" signature="()Ljava/lang/String;" line-rate="1.0" branch-rate="1.0">
							<lines>
								<line number="86" hits="1" branch="false"/>
							</lines>
						</method>
						<method name="setHoldedContacts" signature="(Ljava/util/Collection;)V" line-rate="1.0" branch-rate="1.0">
							<lines>
								<line number="143" hits="1" branch="false"/>
								<line number="144" hits="1" branch="false"/>
							</lines>
						</method>
						<method name="setIncludedInContacts" signature="(Ljava/util/Collection;)V" line-rate="1.0" branch-rate="1.0">
							<lines>
								<line number="149" hits="1" branch="false"/>
								<line number="150" hits="1" branch="false"/>
							</lines>
						</method>
						<method name="setLogin" signature="(Ljava/lang/String;)V" line-rate="1.0" branch-rate="1.0">
							<lines>
								<line number="113" hits="2" branch="false"/>
								<line number="114" hits="2" branch="false"/>
							</lines>
						</method>
						<method name="setPassword_hash" signature="(Ljava/lang/String;)V" line-rate="1.0" branch-rate="1.0">
							<lines>
								<line number="119" hits="2" branch="false"/>
								<line number="120" hits="2" branch="false"/>
							</lines>
						</method>
						<method name="setPassword_salt" signature="(Ljava/lang/String;)V" line-rate="1.0" branch-rate="1.0">
							<lines>
								<line number="125" hits="1" branch="false"/>
								<line number="126" hits="1" branch="false"/>
							</lines>
						</method>
						<method name="setReceivedMails" signature="(Ljava/util/Collection;)V" line-rate="1.0" branch-rate="1.0">
							<lines>
								<line number="137" hits="1" branch="false"/>
								<line number="138" hits="1" branch="false"/>
							</lines>
						</method>
						<method name="setSendedMails" signature="(Ljava/util/Collection;)V" line-rate="1.0" branch-rate="1.0">
							<lines>
								<line number="131" hits="1" branch="false"/>
								<line number="132" hits="1" branch="false"/>
							</lines>
						</method>
						<method name="set_dateOfBirth" signature="(Ljava/util/Date;)V" line-rate="1.0" branch-rate="1.0">
							<lines>
								<line number="95" hits="2" branch="false"/>
								<line number="96" hits="2" branch="false"/>
							</lines>
						</method>
						<method name="set_dateOfREgistration" signature="(Ljava/util/Date;)V" line-rate="1.0" branch-rate="1.0">
							<lines>
								<line number="101" hits="2" branch="false"/>
								<line number="102" hits="2" branch="false"/>
							</lines>
						</method>
						<method name="set_fIO" signature="(Ljava/lang/String;)V" line-rate="1.0" branch-rate="1.0">
							<lines>
								<line number="83" hits="2" branch="false"/>
								<line number="84" hits="2" branch="false"/>
							</lines>
						</method>
						<method name="set_id" signature="(I)V" line-rate="1.0" branch-rate="1.0">
							<lines>
								<line number="77" hits="1" branch="false"/>
								<line number="78" hits="1" branch="false"/>
							</lines>
						</method>
						<method name="set_secondMailAdress" signature="(Ljava/lang/String;)V" line-rate="1.0" branch-rate="1.0">
							<lines>
								<line number="107" hits="1" branch="false"/>
								<line number="108" hits="1" branch="false"/>
							</lines>
						</method>
						<method name="set_telephone" signature="(Ljava/lang/String;)V" line-rate="1.0" branch-rate="1.0">
							<lines>
								<line number="89" hits="2" branch="false"/>
								<line number="90" hits="2" branch="false"/>
							</lines>
						</method>
					</methods>
					<lines>
						<line number="57" hits="73" branch="false"/>
						<line number="60" hits="73" branch="false"/>
						<line number="63" hits="73" branch="false"/>
						<line number="66" hits="73" branch="false"/>
						<line number="70" hits="73" branch="false"/>
						<line number="72" hits="73" branch="false"/>
						<line number="74" hits="1" branch="false"/>
						<line number="77" hits="1" branch="false"/>
						<line number="78" hits="1" branch="false"/>
						<line number="80" hits="1" branch="false"/>
						<line number="83" hits="2" branch="false"/>
						<line number="84" hits="2" branch="false"/>
						<line number="86" hits="1" branch="false"/>
						<line number="89" hits="2" branch="false"/>
						<line number="90" hits="2" branch="false"/>
						<line number="92" hits="1" branch="false"/>
						<line number="95" hits="2" branch="false"/>
						<line number="96" hits="2" branch="false"/>
						<line number="98" hits="1" branch="false"/>
						<line number="101" hits="2" branch="false"/>
						<line number="102" hits="2" branch="false"/>
						<line number="104" hits="1" branch="false"/>
						<line number="107" hits="1" branch="false"/>
						<line number="108" hits="1" branch="false"/>
						<line number="110" hits="1" branch="false"/>
						<line number="113" hits="2" branch="false"/>
						<line number="114" hits="2" branch="false"/>
						<line number="116" hits="1" branch="false"/>
						<line number="119" hits="2" branch="false"/>
						<line number="120" hits="2" branch="false"/>
						<line number="122" hits="1" branch="false"/>
						<line number="125" hits="1" branch="false"/>
						<line number="126" hits="1" branch="false"/>
						<line number="128" hits="1" branch="false"/>
						<line number="131" hits="1" branch="false"/>
						<line number="132" hits="1" branch="false"/>
						<line number="134" hits="1" branch="false"/>
						<line number="137" hits="1" branch="false"/>
						<line number="138" hits="1" branch="false"/>
						<line number="140" hits="1" branch="false"/>
						<line number="143" hits="1" branch="false"/>
						<line number="144" hits="1" branch="false"/>
						<line number="146" hits="1" branch="false"/>
						<line number="149" hits="1" branch="false"/>
						<line number="150" hits="1" branch="false"/>
					</lines>
				</class>
			</classes>
		</package>
		<package name="com.if30v.MailMessanger.dao" line-rate="0.85" branch-rate="0.5714285714285714" complexity="1.391304347826087">
			<classes>
				<class name="com.if30v.MailMessanger.dao.ConnectionParams" filename="com/if30v/MailMessanger/dao/ConnectionParams.java" line-rate="0.6666666666666666" branch-rate="1.0" complexity="1.0">
					<methods>
						<method name="&lt;init&gt;" signature="(Ljava/lang/String;Ljava/lang/String;Ljava/lang/String;Ljava/lang/String;Ljava/lang/String;)V" line-rate="1.0" branch-rate="1.0">
							<lines>
								<line number="43" hits="4" branch="false"/>
								<line number="44" hits="4" branch="false"/>
								<line number="45" hits="4" branch="false"/>
								<line number="46" hits="4" branch="false"/>
								<line number="47" hits="4" branch="false"/>
								<line number="48" hits="4" branch="false"/>
								<line number="49" hits="4" branch="false"/>
							</lines>
						</method>
						<method name="getConnectionParamsList" signature="()Ljava/util/List;" line-rate="1.0" branch-rate="1.0">
							<lines>
								<line number="53" hits="2" branch="false"/>
								<line number="54" hits="2" branch="false"/>
								<line number="55" hits="2" branch="false"/>
								<line number="56" hits="2" branch="false"/>
							</lines>
						</method>
						<method name="getDbName" signature="()Ljava/lang/String;" line-rate="1.0" branch-rate="1.0">
							<lines>
								<line number="18" hits="1" branch="false"/>
							</lines>
						</method>
						<method name="getPass" signature="()Ljava/lang/String;" line-rate="1.0" branch-rate="1.0">
							<lines>
								<line number="34" hits="1" branch="false"/>
							</lines>
						</method>
						<method name="getServerPath" signature="()Ljava/lang/String;" line-rate="1.0" branch-rate="1.0">
							<lines>
								<line number="10" hits="1" branch="false"/>
							</lines>
						</method>
						<method name="getUserName" signature="()Ljava/lang/String;" line-rate="1.0" branch-rate="1.0">
							<lines>
								<line number="26" hits="1" branch="false"/>
							</lines>
						</method>
						<method name="setDbName" signature="(Ljava/lang/String;)V" line-rate="0.0" branch-rate="1.0">
							<lines>
								<line number="22" hits="0" branch="false"/>
								<line number="23" hits="0" branch="false"/>
							</lines>
						</method>
						<method name="setPass" signature="(Ljava/lang/String;)V" line-rate="0.0" branch-rate="1.0">
							<lines>
								<line number="38" hits="0" branch="false"/>
								<line number="39" hits="0" branch="false"/>
							</lines>
						</method>
						<method name="setServerPath" signature="(Ljava/lang/String;)V" line-rate="0.0" branch-rate="1.0">
							<lines>
								<line number="14" hits="0" branch="false"/>
								<line number="15" hits="0" branch="false"/>
							</lines>
						</method>
						<method name="setUserName" signature="(Ljava/lang/String;)V" line-rate="0.0" branch-rate="1.0">
							<lines>
								<line number="30" hits="0" branch="false"/>
								<line number="31" hits="0" branch="false"/>
							</lines>
						</method>
						<method name="toString" signature="()Ljava/lang/String;" line-rate="1.0" branch-rate="1.0">
							<lines>
								<line number="62" hits="4" branch="false"/>
							</lines>
						</method>
					</methods>
					<lines>
						<line number="10" hits="1" branch="false"/>
						<line number="14" hits="0" branch="false"/>
						<line number="15" hits="0" branch="false"/>
						<line number="18" hits="1" branch="false"/>
						<line number="22" hits="0" branch="false"/>
						<line number="23" hits="0" branch="false"/>
						<line number="26" hits="1" branch="false"/>
						<line number="30" hits="0" branch="false"/>
						<line number="31" hits="0" branch="false"/>
						<line number="34" hits="1" branch="false"/>
						<line number="38" hits="0" branch="false"/>
						<line number="39" hits="0" branch="false"/>
						<line number="43" hits="4" branch="false"/>
						<line number="44" hits="4" branch="false"/>
						<line number="45" hits="4" branch="false"/>
						<line number="46" hits="4" branch="false"/>
						<line number="47" hits="4" branch="false"/>
						<line number="48" hits="4" branch="false"/>
						<line number="49" hits="4" branch="false"/>
						<line number="53" hits="2" branch="false"/>
						<line number="54" hits="2" branch="false"/>
						<line number="55" hits="2" branch="false"/>
						<line number="56" hits="2" branch="false"/>
						<line number="62" hits="4" branch="false"/>
					</lines>
				</class>
				<class name="com.if30v.MailMessanger.dao.Factory" filename="com/if30v/MailMessanger/dao/Factory.java" line-rate="1.0" branch-rate="0.5833333333333334" complexity="2.0">
					<methods>
						<method name="&lt;clinit&gt;" signature="()V" line-rate="1.0" branch-rate="1.0">
							<lines>
								<line number="11" hits="1" branch="false"/>
								<line number="12" hits="1" branch="false"/>
								<line number="13" hits="1" branch="false"/>
								<line number="14" hits="1" branch="false"/>
								<line number="15" hits="1" branch="false"/>
								<line number="16" hits="1" branch="false"/>
								<line number="19" hits="1" branch="false"/>
								<line number="20" hits="1" branch="false"/>
							</lines>
						</method>
						<method name="&lt;init&gt;" signature="()V" line-rate="1.0" branch-rate="1.0">
							<lines>
								<line number="9" hits="6" branch="false"/>
							</lines>
						</method>
						<method name="getAdministratorDAO" signature="()Lcom/if30v/MailMessanger/dao/beans/AdministratorDAO;" line-rate="1.0" branch-rate="0.5">
							<lines>
								<line number="36" hits="1" branch="true" condition-coverage="50% (1/2)">
									<conditions>
										<condition number="0" type="jump" coverage="50%"/>
									</conditions>
								</line>
								<line number="37" hits="1" branch="false"/>
								<line number="38" hits="1" branch="false"/>
							</lines>
						</method>
						<method name="getContactDAO" signature="()Lcom/if30v/MailMessanger/dao/beans/ContactDAO;" line-rate="1.0" branch-rate="0.5">
							<lines>
								<line number="48" hits="1" branch="true" condition-coverage="50% (1/2)">
									<conditions>
										<condition number="0" type="jump" coverage="50%"/>
									</conditions>
								</line>
								<line number="49" hits="1" branch="false"/>
								<line number="50" hits="1" branch="false"/>
							</lines>
						</method>
						<method name="getInstance" signature="()Lcom/if30v/MailMessanger/dao/Factory;" line-rate="1.0" branch-rate="1.0">
							<lines>
								<line number="23" hits="2" branch="true" condition-coverage="100% (2/2)">
									<conditions>
										<condition number="0" type="jump" coverage="100%"/>
									</conditions>
								</line>
								<line number="24" hits="1" branch="false"/>
								<line number="26" hits="2" branch="false"/>
							</lines>
						</method>
						<method name="getLetterDAO" signature="()Lcom/if30v/MailMessanger/dao/beans/LetterDAO;" line-rate="1.0" branch-rate="0.5">
							<lines>
								<line number="42" hits="1" branch="true" condition-coverage="50% (1/2)">
									<conditions>
										<condition number="0" type="jump" coverage="50%"/>
									</conditions>
								</line>
								<line number="43" hits="1" branch="false"/>
								<line number="44" hits="1" branch="false"/>
							</lines>
						</method>
						<method name="getLetter_Sender_ReceiverDAO" signature="()Lcom/if30v/MailMessanger/dao/beans/Letter_Sender_ReceiverDAO;" line-rate="1.0" branch-rate="0.5">
							<lines>
								<line number="54" hits="1" branch="true" condition-coverage="50% (1/2)">
									<conditions>
										<condition number="0" type="jump" coverage="50%"/>
									</conditions>
								</line>
								<line number="55" hits="1" branch="false"/>
								<line number="56" hits="1" branch="false"/>
							</lines>
						</method>
						<method name="getRegistredUserDAO" signature="()Lcom/if30v/MailMessanger/dao/beans/RegistredUserDAO;" line-rate="1.0" branch-rate="0.5">
							<lines>
								<line number="30" hits="1" branch="true" condition-coverage="50% (1/2)">
									<conditions>
										<condition number="0" type="jump" coverage="50%"/>
									</conditions>
								</line>
								<line number="31" hits="1" branch="false"/>
								<line number="32" hits="1" branch="false"/>
							</lines>
						</method>
					</methods>
					<lines>
						<line number="9" hits="6" branch="false"/>
						<line number="11" hits="1" branch="false"/>
						<line number="12" hits="1" branch="false"/>
						<line number="13" hits="1" branch="false"/>
						<line number="14" hits="1" branch="false"/>
						<line number="15" hits="1" branch="false"/>
						<line number="16" hits="1" branch="false"/>
						<line number="19" hits="1" branch="false"/>
						<line number="20" hits="1" branch="false"/>
						<line number="23" hits="2" branch="true" condition-coverage="100% (2/2)">
							<conditions>
								<condition number="0" type="jump" coverage="100%"/>
							</conditions>
						</line>
						<line number="24" hits="1" branch="false"/>
						<line number="26" hits="2" branch="false"/>
						<line number="30" hits="1" branch="true" condition-coverage="50% (1/2)">
							<conditions>
								<condition number="0" type="jump" coverage="50%"/>
							</conditions>
						</line>
						<line number="31" hits="1" branch="false"/>
						<line number="32" hits="1" branch="false"/>
						<line number="36" hits="1" branch="true" condition-coverage="50% (1/2)">
							<conditions>
								<condition number="0" type="jump" coverage="50%"/>
							</conditions>
						</line>
						<line number="37" hits="1" branch="false"/>
						<line number="38" hits="1" branch="false"/>
						<line number="42" hits="1" branch="true" condition-coverage="50% (1/2)">
							<conditions>
								<condition number="0" type="jump" coverage="50%"/>
							</conditions>
						</line>
						<line number="43" hits="1" branch="false"/>
						<line number="44" hits="1" branch="false"/>
						<line number="48" hits="1" branch="true" condition-coverage="50% (1/2)">
							<conditions>
								<condition number="0" type="jump" coverage="50%"/>
							</conditions>
						</line>
						<line number="49" hits="1" branch="false"/>
						<line number="50" hits="1" branch="false"/>
						<line number="54" hits="1" branch="true" condition-coverage="50% (1/2)">
							<conditions>
								<condition number="0" type="jump" coverage="50%"/>
							</conditions>
						</line>
						<line number="55" hits="1" branch="false"/>
						<line number="56" hits="1" branch="false"/>
					</lines>
				</class>
				<class name="com.if30v.MailMessanger.dao.HibernateUtil" filename="com/if30v/MailMessanger/dao/HibernateUtil.java" line-rate="0.8620689655172413" branch-rate="0.5" complexity="1.5">
					<methods>
						<method name="&lt;clinit&gt;" signature="()V" line-rate="1.0" branch-rate="1.0">
							<lines>
								<line number="15" hits="1" branch="false"/>
								<line number="17" hits="1" branch="false"/>
								<line number="18" hits="1" branch="false"/>
							</lines>
						</method>
						<method name="&lt;init&gt;" signature="()V" line-rate="0.0" branch-rate="1.0">
							<lines>
								<line number="11" hits="0" branch="false"/>
							</lines>
						</method>
						<method name="configurate" signature="(Ljava/lang/String;Ljava/lang/String;Ljava/lang/String;Ljava/lang/String;)Z" line-rate="0.8421052631578947" branch-rate="1.0">
							<lines>
								<line number="22" hits="7" branch="false"/>
								<line number="23" hits="7" branch="false"/>
								<line number="24" hits="7" branch="false"/>
								<line number="25" hits="7" branch="false"/>
								<line number="26" hits="7" branch="false"/>
								<line number="30" hits="7" branch="false"/>
								<line number="31" hits="7" branch="false"/>
								<line number="32" hits="7" branch="false"/>
								<line number="33" hits="7" branch="false"/>
								<line number="34" hits="6" branch="false"/>
								<line number="35" hits="6" branch="false"/>
								<line number="36" hits="6" branch="false"/>
								<line number="38" hits="1" branch="false"/>
								<line number="39" hits="1" branch="false"/>
								<line number="41" hits="0" branch="false"/>
								<line number="42" hits="0" branch="false"/>
								<line number="43" hits="0" branch="false"/>
								<line number="44" hits="7" branch="false"/>
								<line number="46" hits="7" branch="false"/>
							</lines>
						</method>
						<method name="getDefaultConnectionConfigOpt" signature="()[Ljava/lang/String;" line-rate="1.0" branch-rate="1.0">
							<lines>
								<line number="54" hits="1" branch="false"/>
							</lines>
						</method>
						<method name="getListParams" signature="()Ljava/util/List;" line-rate="1.0" branch-rate="1.0">
							<lines>
								<line number="58" hits="1" branch="false"/>
							</lines>
						</method>
						<method name="getSessionfactory" signature="()Lorg/hibernate/SessionFactory;" line-rate="1.0" branch-rate="0.5">
							<lines>
								<line number="50" hits="33" branch="true" condition-coverage="50% (1/2)">
									<conditions>
										<condition number="0" type="jump" coverage="50%"/>
									</conditions>
								</line>
							</lines>
						</method>
						<method name="isConfigurated" signature="()Z" line-rate="1.0" branch-rate="1.0">
							<lines>
								<line number="13" hits="1" branch="false"/>
							</lines>
						</method>
						<method name="setListParams" signature="(Ljava/util/List;)V" line-rate="1.0" branch-rate="1.0">
							<lines>
								<line number="62" hits="1" branch="false"/>
								<line number="63" hits="1" branch="false"/>
							</lines>
						</method>
					</methods>
					<lines>
						<line number="11" hits="0" branch="false"/>
						<line number="13" hits="1" branch="false"/>
						<line number="15" hits="1" branch="false"/>
						<line number="17" hits="1" branch="false"/>
						<line number="18" hits="1" branch="false"/>
						<line number="22" hits="7" branch="false"/>
						<line number="23" hits="7" branch="false"/>
						<line number="24" hits="7" branch="false"/>
						<line number="25" hits="7" branch="false"/>
						<line number="26" hits="7" branch="false"/>
						<line number="30" hits="7" branch="false"/>
						<line number="31" hits="7" branch="false"/>
						<line number="32" hits="7" branch="false"/>
						<line number="33" hits="7" branch="false"/>
						<line number="34" hits="6" branch="false"/>
						<line number="35" hits="6" branch="false"/>
						<line number="36" hits="6" branch="false"/>
						<line number="38" hits="1" branch="false"/>
						<line number="39" hits="1" branch="false"/>
						<line number="41" hits="0" branch="false"/>
						<line number="42" hits="0" branch="false"/>
						<line number="43" hits="0" branch="false"/>
						<line number="44" hits="7" branch="false"/>
						<line number="46" hits="7" branch="false"/>
						<line number="50" hits="33" branch="true" condition-coverage="50% (1/2)">
							<conditions>
								<condition number="0" type="jump" coverage="50%"/>
							</conditions>
						</line>
						<line number="54" hits="1" branch="false"/>
						<line number="58" hits="1" branch="false"/>
						<line number="62" hits="1" branch="false"/>
						<line number="63" hits="1" branch="false"/>
					</lines>
				</class>
			</classes>
		</package>
		<package name="com.if30v.MailMessanger.dao.beans" line-rate="0.8" branch-rate="0.5" complexity="5.0">
			<classes>
				<class name="com.if30v.MailMessanger.dao.beans.AdministratorDAO" filename="com/if30v/MailMessanger/dao/beans/AdministratorDAO.java" line-rate="0.8" branch-rate="0.5" complexity="5.0">
					<methods>
						<method name="&lt;init&gt;" signature="()V" line-rate="1.0" branch-rate="1.0">
							<lines>
								<line number="13" hits="7" branch="false"/>
							</lines>
						</method>
						<method name="addAdmin" signature="(Lcom/if30v/MailMessanger/beans/Administrator;)V" line-rate="0.8" branch-rate="0.5">
							<lines>
								<line number="16" hits="1" branch="false"/>
								<line number="18" hits="1" branch="false"/>
								<line number="19" hits="1" branch="false"/>
								<line number="20" hits="1" branch="false"/>
								<line number="21" hits="1" branch="false"/>
								<line number="22" hits="0" branch="false"/>
								<line number="23" hits="0" branch="false"/>
								<line number="25" hits="1" branch="true" condition-coverage="50% (2/4)">
									<conditions>
										<condition number="0" type="jump" coverage="50%"/>
										<condition number="1" type="jump" coverage="50%"/>
									</conditions>
								</line>
								<line number="26" hits="1" branch="false"/>
								<line number="29" hits="1" branch="false"/>
							</lines>
						</method>
						<method name="deleteAdmin" signature="(Lcom/if30v/MailMessanger/beans/Administrator;)V" line-rate="0.8" branch-rate="0.5">
							<lines>
								<line number="82" hits="1" branch="false"/>
								<line number="84" hits="1" branch="false"/>
								<line number="85" hits="1" branch="false"/>
								<line number="86" hits="1" branch="false"/>
								<line number="87" hits="1" branch="false"/>
								<line number="88" hits="0" branch="false"/>
								<line number="89" hits="0" branch="false"/>
								<line number="91" hits="1" branch="true" condition-coverage="50% (2/4)">
									<conditions>
										<condition number="0" type="jump" coverage="50%"/>
										<condition number="1" type="jump" coverage="50%"/>
									</conditions>
								</line>
								<line number="92" hits="1" branch="false"/>
								<line number="95" hits="1" branch="false"/>
							</lines>
						</method>
						<method name="getAdminById" signature="(I)Lcom/if30v/MailMessanger/beans/Administrator;" line-rate="0.8" branch-rate="0.5">
							<lines>
								<line number="49" hits="1" branch="false"/>
								<line number="50" hits="1" branch="false"/>
								<line number="51" hits="1" branch="false"/>
								<line number="53" hits="1" branch="false"/>
								<line number="54" hits="1" branch="false"/>
								<line number="55" hits="0" branch="false"/>
								<line number="56" hits="0" branch="false"/>
								<line number="58" hits="1" branch="true" condition-coverage="50% (2/4)">
									<conditions>
										<condition number="0" type="jump" coverage="50%"/>
										<condition number="1" type="jump" coverage="50%"/>
									</conditions>
								</line>
								<line number="59" hits="1" branch="false"/>
								<line number="62" hits="1" branch="false"/>
							</lines>
						</method>
						<method name="getAllAdmins" signature="()Ljava/util/Collection;" line-rate="0.7777777777777778" branch-rate="0.5">
							<lines>
								<line number="66" hits="1" branch="false"/>
								<line number="67" hits="1" branch="false"/>
								<line number="69" hits="1" branch="false"/>
								<line number="70" hits="1" branch="false"/>
								<line number="71" hits="0" branch="false"/>
								<line number="72" hits="0" branch="false"/>
								<line number="74" hits="1" branch="true" condition-coverage="50% (2/4)">
									<conditions>
										<condition number="0" type="jump" coverage="50%"/>
										<condition number="1" type="jump" coverage="50%"/>
									</conditions>
								</line>
								<line number="75" hits="1" branch="false"/>
								<line number="78" hits="1" branch="false"/>
							</lines>
						</method>
						<method name="updateAdmin" signature="(Lcom/if30v/MailMessanger/beans/Administrator;)V" line-rate="0.8" branch-rate="0.5">
							<lines>
								<line number="32" hits="1" branch="false"/>
								<line number="34" hits="1" branch="false"/>
								<line number="35" hits="1" branch="false"/>
								<line number="36" hits="1" branch="false"/>
								<line number="37" hits="1" branch="false"/>
								<line number="38" hits="0" branch="false"/>
								<line number="40" hits="0" branch="false"/>
								<line number="42" hits="1" branch="true" condition-coverage="50% (2/4)">
									<conditions>
										<condition number="0" type="jump" coverage="50%"/>
										<condition number="1" type="jump" coverage="50%"/>
									</conditions>
								</line>
								<line number="43" hits="1" branch="false"/>
								<line number="46" hits="1" branch="false"/>
							</lines>
						</method>
					</methods>
					<lines>
						<line number="13" hits="7" branch="false"/>
						<line number="16" hits="1" branch="false"/>
						<line number="18" hits="1" branch="false"/>
						<line number="19" hits="1" branch="false"/>
						<line number="20" hits="1" branch="false"/>
						<line number="21" hits="1" branch="false"/>
						<line number="22" hits="0" branch="false"/>
						<line number="23" hits="0" branch="false"/>
						<line number="25" hits="1" branch="true" condition-coverage="50% (2/4)">
							<conditions>
								<condition number="0" type="jump" coverage="50%"/>
								<condition number="1" type="jump" coverage="50%"/>
							</conditions>
						</line>
						<line number="26" hits="1" branch="false"/>
						<line number="29" hits="1" branch="false"/>
						<line number="32" hits="1" branch="false"/>
						<line number="34" hits="1" branch="false"/>
						<line number="35" hits="1" branch="false"/>
						<line number="36" hits="1" branch="false"/>
						<line number="37" hits="1" branch="false"/>
						<line number="38" hits="0" branch="false"/>
						<line number="40" hits="0" branch="false"/>
						<line number="42" hits="1" branch="true" condition-coverage="50% (2/4)">
							<conditions>
								<condition number="0" type="jump" coverage="50%"/>
								<condition number="1" type="jump" coverage="50%"/>
							</conditions>
						</line>
						<line number="43" hits="1" branch="false"/>
						<line number="46" hits="1" branch="false"/>
						<line number="49" hits="1" branch="false"/>
						<line number="50" hits="1" branch="false"/>
						<line number="51" hits="1" branch="false"/>
						<line number="53" hits="1" branch="false"/>
						<line number="54" hits="1" branch="false"/>
						<line number="55" hits="0" branch="false"/>
						<line number="56" hits="0" branch="false"/>
						<line number="58" hits="1" branch="true" condition-coverage="50% (2/4)">
							<conditions>
								<condition number="0" type="jump" coverage="50%"/>
								<condition number="1" type="jump" coverage="50%"/>
							</conditions>
						</line>
						<line number="59" hits="1" branch="false"/>
						<line number="62" hits="1" branch="false"/>
						<line number="66" hits="1" branch="false"/>
						<line number="67" hits="1" branch="false"/>
						<line number="69" hits="1" branch="false"/>
						<line number="70" hits="1" branch="false"/>
						<line number="71" hits="0" branch="false"/>
						<line number="72" hits="0" branch="false"/>
						<line number="74" hits="1" branch="true" condition-coverage="50% (2/4)">
							<conditions>
								<condition number="0" type="jump" coverage="50%"/>
								<condition number="1" type="jump" coverage="50%"/>
							</conditions>
						</line>
						<line number="75" hits="1" branch="false"/>
						<line number="78" hits="1" branch="false"/>
						<line number="82" hits="1" branch="false"/>
						<line number="84" hits="1" branch="false"/>
						<line number="85" hits="1" branch="false"/>
						<line number="86" hits="1" branch="false"/>
						<line number="87" hits="1" branch="false"/>
						<line number="88" hits="0" branch="false"/>
						<line number="89" hits="0" branch="false"/>
						<line number="91" hits="1" branch="true" condition-coverage="50% (2/4)">
							<conditions>
								<condition number="0" type="jump" coverage="50%"/>
								<condition number="1" type="jump" coverage="50%"/>
							</conditions>
						</line>
						<line number="92" hits="1" branch="false"/>
						<line number="95" hits="1" branch="false"/>
					</lines>
				</class>
				<class name="com.if30v.MailMessanger.dao.beans.ContactDAO" filename="com/if30v/MailMessanger/dao/beans/ContactDAO.java" line-rate="0.7959183673469388" branch-rate="0.5" complexity="5.0">
					<methods>
						<method name="&lt;init&gt;" signature="()V" line-rate="1.0" branch-rate="1.0">
							<lines>
								<line number="15" hits="7" branch="false"/>
							</lines>
						</method>
						<method name="addContact" signature="(Lcom/if30v/MailMessanger/beans/Contact;)V" line-rate="0.8" branch-rate="0.5">
							<lines>
								<line number="17" hits="1" branch="false"/>
								<line number="19" hits="1" branch="false"/>
								<line number="20" hits="1" branch="false"/>
								<line number="21" hits="1" branch="false"/>
								<line number="22" hits="1" branch="false"/>
								<line number="23" hits="0" branch="false"/>
								<line number="24" hits="0" branch="false"/>
								<line number="26" hits="1" branch="true" condition-coverage="50% (2/4)">
									<conditions>
										<condition number="0" type="jump" coverage="50%"/>
										<condition number="1" type="jump" coverage="50%"/>
									</conditions>
								</line>
								<line number="27" hits="1" branch="false"/>
								<line number="30" hits="1" branch="false"/>
							</lines>
						</method>
						<method name="deleteContact" signature="(Lcom/if30v/MailMessanger/beans/Contact;)V" line-rate="0.8" branch-rate="0.5">
							<lines>
								<line number="82" hits="1" branch="false"/>
								<line number="84" hits="1" branch="false"/>
								<line number="85" hits="1" branch="false"/>
								<line number="86" hits="1" branch="false"/>
								<line number="87" hits="1" branch="false"/>
								<line number="88" hits="0" branch="false"/>
								<line number="89" hits="0" branch="false"/>
								<line number="91" hits="1" branch="true" condition-coverage="50% (2/4)">
									<conditions>
										<condition number="0" type="jump" coverage="50%"/>
										<condition number="1" type="jump" coverage="50%"/>
									</conditions>
								</line>
								<line number="92" hits="1" branch="false"/>
								<line number="95" hits="1" branch="false"/>
							</lines>
						</method>
						<method name="getAllContacts" signature="()Ljava/util/Collection;" line-rate="0.7777777777777778" branch-rate="0.5">
							<lines>
								<line number="66" hits="1" branch="false"/>
								<line number="67" hits="1" branch="false"/>
								<line number="69" hits="1" branch="false"/>
								<line number="70" hits="1" branch="false"/>
								<line number="71" hits="0" branch="false"/>
								<line number="72" hits="0" branch="false"/>
								<line number="74" hits="1" branch="true" condition-coverage="50% (2/4)">
									<conditions>
										<condition number="0" type="jump" coverage="50%"/>
										<condition number="1" type="jump" coverage="50%"/>
									</conditions>
								</line>
								<line number="75" hits="1" branch="false"/>
								<line number="78" hits="1" branch="false"/>
							</lines>
						</method>
						<method name="getContactById" signature="(I)Lcom/if30v/MailMessanger/beans/Contact;" line-rate="0.7777777777777778" branch-rate="0.5">
							<lines>
								<line number="49" hits="1" branch="false"/>
								<line number="50" hits="1" branch="false"/>
								<line number="52" hits="1" branch="false"/>
								<line number="53" hits="1" branch="false"/>
								<line number="54" hits="0" branch="false"/>
								<line number="56" hits="0" branch="false"/>
								<line number="58" hits="1" branch="true" condition-coverage="50% (2/4)">
									<conditions>
										<condition number="0" type="jump" coverage="50%"/>
										<condition number="1" type="jump" coverage="50%"/>
									</conditions>
								</line>
								<line number="59" hits="1" branch="false"/>
								<line number="62" hits="1" branch="false"/>
							</lines>
						</method>
						<method name="updateContact" signature="(Lcom/if30v/MailMessanger/beans/Contact;)V" line-rate="0.8" branch-rate="0.5">
							<lines>
								<line number="33" hits="1" branch="false"/>
								<line number="35" hits="1" branch="false"/>
								<line number="36" hits="1" branch="false"/>
								<line number="37" hits="1" branch="false"/>
								<line number="38" hits="1" branch="false"/>
								<line number="39" hits="0" branch="false"/>
								<line number="40" hits="0" branch="false"/>
								<line number="42" hits="1" branch="true" condition-coverage="50% (2/4)">
									<conditions>
										<condition number="0" type="jump" coverage="50%"/>
										<condition number="1" type="jump" coverage="50%"/>
									</conditions>
								</line>
								<line number="43" hits="1" branch="false"/>
								<line number="46" hits="1" branch="false"/>
							</lines>
						</method>
					</methods>
					<lines>
						<line number="15" hits="7" branch="false"/>
						<line number="17" hits="1" branch="false"/>
						<line number="19" hits="1" branch="false"/>
						<line number="20" hits="1" branch="false"/>
						<line number="21" hits="1" branch="false"/>
						<line number="22" hits="1" branch="false"/>
						<line number="23" hits="0" branch="false"/>
						<line number="24" hits="0" branch="false"/>
						<line number="26" hits="1" branch="true" condition-coverage="50% (2/4)">
							<conditions>
								<condition number="0" type="jump" coverage="50%"/>
								<condition number="1" type="jump" coverage="50%"/>
							</conditions>
						</line>
						<line number="27" hits="1" branch="false"/>
						<line number="30" hits="1" branch="false"/>
						<line number="33" hits="1" branch="false"/>
						<line number="35" hits="1" branch="false"/>
						<line number="36" hits="1" branch="false"/>
						<line number="37" hits="1" branch="false"/>
						<line number="38" hits="1" branch="false"/>
						<line number="39" hits="0" branch="false"/>
						<line number="40" hits="0" branch="false"/>
						<line number="42" hits="1" branch="true" condition-coverage="50% (2/4)">
							<conditions>
								<condition number="0" type="jump" coverage="50%"/>
								<condition number="1" type="jump" coverage="50%"/>
							</conditions>
						</line>
						<line number="43" hits="1" branch="false"/>
						<line number="46" hits="1" branch="false"/>
						<line number="49" hits="1" branch="false"/>
						<line number="50" hits="1" branch="false"/>
						<line number="52" hits="1" branch="false"/>
						<line number="53" hits="1" branch="false"/>
						<line number="54" hits="0" branch="false"/>
						<line number="56" hits="0" branch="false"/>
						<line number="58" hits="1" branch="true" condition-coverage="50% (2/4)">
							<conditions>
								<condition number="0" type="jump" coverage="50%"/>
								<condition number="1" type="jump" coverage="50%"/>
							</conditions>
						</line>
						<line number="59" hits="1" branch="false"/>
						<line number="62" hits="1" branch="false"/>
						<line number="66" hits="1" branch="false"/>
						<line number="67" hits="1" branch="false"/>
						<line number="69" hits="1" branch="false"/>
						<line number="70" hits="1" branch="false"/>
						<line number="71" hits="0" branch="false"/>
						<line number="72" hits="0" branch="false"/>
						<line number="74" hits="1" branch="true" condition-coverage="50% (2/4)">
							<conditions>
								<condition number="0" type="jump" coverage="50%"/>
								<condition number="1" type="jump" coverage="50%"/>
							</conditions>
						</line>
						<line number="75" hits="1" branch="false"/>
						<line number="78" hits="1" branch="false"/>
						<line number="82" hits="1" branch="false"/>
						<line number="84" hits="1" branch="false"/>
						<line number="85" hits="1" branch="false"/>
						<line number="86" hits="1" branch="false"/>
						<line number="87" hits="1" branch="false"/>
						<line number="88" hits="0" branch="false"/>
						<line number="89" hits="0" branch="false"/>
						<line number="91" hits="1" branch="true" condition-coverage="50% (2/4)">
							<conditions>
								<condition number="0" type="jump" coverage="50%"/>
								<condition number="1" type="jump" coverage="50%"/>
							</conditions>
						</line>
						<line number="92" hits="1" branch="false"/>
						<line number="95" hits="1" branch="false"/>
					</lines>
				</class>
				<class name="com.if30v.MailMessanger.dao.beans.LetterDAO" filename="com/if30v/MailMessanger/dao/beans/LetterDAO.java" line-rate="0.7959183673469388" branch-rate="0.5" complexity="5.0">
					<methods>
						<method name="&lt;init&gt;" signature="()V" line-rate="1.0" branch-rate="1.0">
							<lines>
								<line number="12" hits="8" branch="false"/>
							</lines>
						</method>
						<method name="addLetter" signature="(Lcom/if30v/MailMessanger/beans/Letter;)V" line-rate="0.8" branch-rate="0.5">
							<lines>
								<line number="14" hits="1" branch="false"/>
								<line number="16" hits="1" branch="false"/>
								<line number="17" hits="1" branch="false"/>
								<line number="18" hits="1" branch="false"/>
								<line number="19" hits="1" branch="false"/>
								<line number="20" hits="0" branch="false"/>
								<line number="22" hits="0" branch="false"/>
								<line number="24" hits="1" branch="true" condition-coverage="50% (2/4)">
									<conditions>
										<condition number="0" type="jump" coverage="50%"/>
										<condition number="1" type="jump" coverage="50%"/>
									</conditions>
								</line>
								<line number="25" hits="1" branch="false"/>
								<line number="28" hits="1" branch="false"/>
							</lines>
						</method>
						<method name="deleteLetter" signature="(Lcom/if30v/MailMessanger/beans/Letter;)V" line-rate="0.8" branch-rate="0.5">
							<lines>
								<line number="81" hits="1" branch="false"/>
								<line number="83" hits="1" branch="false"/>
								<line number="84" hits="1" branch="false"/>
								<line number="85" hits="1" branch="false"/>
								<line number="86" hits="1" branch="false"/>
								<line number="87" hits="0" branch="false"/>
								<line number="88" hits="0" branch="false"/>
								<line number="90" hits="1" branch="true" condition-coverage="50% (2/4)">
									<conditions>
										<condition number="0" type="jump" coverage="50%"/>
										<condition number="1" type="jump" coverage="50%"/>
									</conditions>
								</line>
								<line number="91" hits="1" branch="false"/>
								<line number="94" hits="1" branch="false"/>
							</lines>
						</method>
						<method name="getAllLetters" signature="()Ljava/util/Collection;" line-rate="0.7777777777777778" branch-rate="0.5">
							<lines>
								<line number="65" hits="2" branch="false"/>
								<line number="66" hits="2" branch="false"/>
								<line number="68" hits="2" branch="false"/>
								<line number="69" hits="2" branch="false"/>
								<line number="70" hits="0" branch="false"/>
								<line number="71" hits="0" branch="false"/>
								<line number="73" hits="2" branch="true" condition-coverage="50% (2/4)">
									<conditions>
										<condition number="0" type="jump" coverage="50%"/>
										<condition number="1" type="jump" coverage="50%"/>
									</conditions>
								</line>
								<line number="74" hits="2" branch="false"/>
								<line number="77" hits="2" branch="false"/>
							</lines>
						</method>
						<method name="getLetterById" signature="(I)Lcom/if30v/MailMessanger/beans/Letter;" line-rate="0.7777777777777778" branch-rate="0.5">
							<lines>
								<line number="48" hits="1" branch="false"/>
								<line number="49" hits="1" branch="false"/>
								<line number="51" hits="1" branch="false"/>
								<line number="52" hits="1" branch="false"/>
								<line number="53" hits="0" branch="false"/>
								<line number="55" hits="0" branch="false"/>
								<line number="57" hits="1" branch="true" condition-coverage="50% (2/4)">
									<conditions>
										<condition number="0" type="jump" coverage="50%"/>
										<condition number="1" type="jump" coverage="50%"/>
									</conditions>
								</line>
								<line number="58" hits="1" branch="false"/>
								<line number="61" hits="1" branch="false"/>
							</lines>
						</method>
						<method name="updateLetter" signature="(Lcom/if30v/MailMessanger/beans/Letter;)V" line-rate="0.8" branch-rate="0.5">
							<lines>
								<line number="31" hits="1" branch="false"/>
								<line number="33" hits="1" branch="false"/>
								<line number="34" hits="1" branch="false"/>
								<line number="35" hits="1" branch="false"/>
								<line number="36" hits="1" branch="false"/>
								<line number="37" hits="0" branch="false"/>
								<line number="39" hits="0" branch="false"/>
								<line number="41" hits="1" branch="true" condition-coverage="50% (2/4)">
									<conditions>
										<condition number="0" type="jump" coverage="50%"/>
										<condition number="1" type="jump" coverage="50%"/>
									</conditions>
								</line>
								<line number="42" hits="1" branch="false"/>
								<line number="45" hits="1" branch="false"/>
							</lines>
						</method>
					</methods>
					<lines>
						<line number="12" hits="8" branch="false"/>
						<line number="14" hits="1" branch="false"/>
						<line number="16" hits="1" branch="false"/>
						<line number="17" hits="1" branch="false"/>
						<line number="18" hits="1" branch="false"/>
						<line number="19" hits="1" branch="false"/>
						<line number="20" hits="0" branch="false"/>
						<line number="22" hits="0" branch="false"/>
						<line number="24" hits="1" branch="true" condition-coverage="50% (2/4)">
							<conditions>
								<condition number="0" type="jump" coverage="50%"/>
								<condition number="1" type="jump" coverage="50%"/>
							</conditions>
						</line>
						<line number="25" hits="1" branch="false"/>
						<line number="28" hits="1" branch="false"/>
						<line number="31" hits="1" branch="false"/>
						<line number="33" hits="1" branch="false"/>
						<line number="34" hits="1" branch="false"/>
						<line number="35" hits="1" branch="false"/>
						<line number="36" hits="1" branch="false"/>
						<line number="37" hits="0" branch="false"/>
						<line number="39" hits="0" branch="false"/>
						<line number="41" hits="1" branch="true" condition-coverage="50% (2/4)">
							<conditions>
								<condition number="0" type="jump" coverage="50%"/>
								<condition number="1" type="jump" coverage="50%"/>
							</conditions>
						</line>
						<line number="42" hits="1" branch="false"/>
						<line number="45" hits="1" branch="false"/>
						<line number="48" hits="1" branch="false"/>
						<line number="49" hits="1" branch="false"/>
						<line number="51" hits="1" branch="false"/>
						<line number="52" hits="1" branch="false"/>
						<line number="53" hits="0" branch="false"/>
						<line number="55" hits="0" branch="false"/>
						<line number="57" hits="1" branch="true" condition-coverage="50% (2/4)">
							<conditions>
								<condition number="0" type="jump" coverage="50%"/>
								<condition number="1" type="jump" coverage="50%"/>
							</conditions>
						</line>
						<line number="58" hits="1" branch="false"/>
						<line number="61" hits="1" branch="false"/>
						<line number="65" hits="2" branch="false"/>
						<line number="66" hits="2" branch="false"/>
						<line number="68" hits="2" branch="false"/>
						<line number="69" hits="2" branch="false"/>
						<line number="70" hits="0" branch="false"/>
						<line number="71" hits="0" branch="false"/>
						<line number="73" hits="2" branch="true" condition-coverage="50% (2/4)">
							<conditions>
								<condition number="0" type="jump" coverage="50%"/>
								<condition number="1" type="jump" coverage="50%"/>
							</conditions>
						</line>
						<line number="74" hits="2" branch="false"/>
						<line number="77" hits="2" branch="false"/>
						<line number="81" hits="1" branch="false"/>
						<line number="83" hits="1" branch="false"/>
						<line number="84" hits="1" branch="false"/>
						<line number="85" hits="1" branch="false"/>
						<line number="86" hits="1" branch="false"/>
						<line number="87" hits="0" branch="false"/>
						<line number="88" hits="0" branch="false"/>
						<line number="90" hits="1" branch="true" condition-coverage="50% (2/4)">
							<conditions>
								<condition number="0" type="jump" coverage="50%"/>
								<condition number="1" type="jump" coverage="50%"/>
							</conditions>
						</line>
						<line number="91" hits="1" branch="false"/>
						<line number="94" hits="1" branch="false"/>
					</lines>
				</class>
				<class name="com.if30v.MailMessanger.dao.beans.Letter_Sender_ReceiverDAO" filename="com/if30v/MailMessanger/dao/beans/Letter_Sender_ReceiverDAO.java" line-rate="0.7959183673469388" branch-rate="0.5" complexity="5.0">
					<methods>
						<method name="&lt;init&gt;" signature="()V" line-rate="1.0" branch-rate="1.0">
							<lines>
								<line number="12" hits="7" branch="false"/>
							</lines>
						</method>
						<method name="addLetter_Sender_Receiver" signature="(Lcom/if30v/MailMessanger/beans/Letter_Sender_Receiver;)V" line-rate="0.8" branch-rate="0.5">
							<lines>
								<line number="14" hits="1" branch="false"/>
								<line number="16" hits="1" branch="false"/>
								<line number="17" hits="1" branch="false"/>
								<line number="18" hits="1" branch="false"/>
								<line number="19" hits="1" branch="false"/>
								<line number="20" hits="0" branch="false"/>
								<line number="21" hits="0" branch="false"/>
								<line number="23" hits="1" branch="true" condition-coverage="50% (2/4)">
									<conditions>
										<condition number="0" type="jump" coverage="50%"/>
										<condition number="1" type="jump" coverage="50%"/>
									</conditions>
								</line>
								<line number="24" hits="1" branch="false"/>
								<line number="27" hits="1" branch="false"/>
							</lines>
						</method>
						<method name="deleteLetter_Sender_Receiver" signature="(Lcom/if30v/MailMessanger/beans/Letter_Sender_Receiver;)V" line-rate="0.8" branch-rate="0.5">
							<lines>
								<line number="78" hits="1" branch="false"/>
								<line number="80" hits="1" branch="false"/>
								<line number="81" hits="1" branch="false"/>
								<line number="82" hits="1" branch="false"/>
								<line number="83" hits="1" branch="false"/>
								<line number="84" hits="0" branch="false"/>
								<line number="85" hits="0" branch="false"/>
								<line number="87" hits="1" branch="true" condition-coverage="50% (2/4)">
									<conditions>
										<condition number="0" type="jump" coverage="50%"/>
										<condition number="1" type="jump" coverage="50%"/>
									</conditions>
								</line>
								<line number="88" hits="1" branch="false"/>
								<line number="91" hits="1" branch="false"/>
							</lines>
						</method>
						<method name="getAllLetter_Sender_Receivers" signature="()Ljava/util/Collection;" line-rate="0.7777777777777778" branch-rate="0.5">
							<lines>
								<line number="62" hits="1" branch="false"/>
								<line number="63" hits="1" branch="false"/>
								<line number="65" hits="1" branch="false"/>
								<line number="66" hits="1" branch="false"/>
								<line number="67" hits="0" branch="false"/>
								<line number="68" hits="0" branch="false"/>
								<line number="70" hits="1" branch="true" condition-coverage="50% (2/4)">
									<conditions>
										<condition number="0" type="jump" coverage="50%"/>
										<condition number="1" type="jump" coverage="50%"/>
									</conditions>
								</line>
								<line number="71" hits="1" branch="false"/>
								<line number="74" hits="1" branch="false"/>
							</lines>
						</method>
						<method name="getLetter_Sender_ReceiverById" signature="(I)Lcom/if30v/MailMessanger/beans/Letter_Sender_Receiver;" line-rate="0.7777777777777778" branch-rate="0.5">
							<lines>
								<line number="46" hits="1" branch="false"/>
								<line number="47" hits="1" branch="false"/>
								<line number="49" hits="1" branch="false"/>
								<line number="50" hits="1" branch="false"/>
								<line number="51" hits="0" branch="false"/>
								<line number="52" hits="0" branch="false"/>
								<line number="54" hits="1" branch="true" condition-coverage="50% (2/4)">
									<conditions>
										<condition number="0" type="jump" coverage="50%"/>
										<condition number="1" type="jump" coverage="50%"/>
									</conditions>
								</line>
								<line number="55" hits="1" branch="false"/>
								<line number="58" hits="1" branch="false"/>
							</lines>
						</method>
						<method name="updateLetter_Sender_Receiver" signature="(Lcom/if30v/MailMessanger/beans/Letter_Sender_Receiver;)V" line-rate="0.8" branch-rate="0.5">
							<lines>
								<line number="30" hits="1" branch="false"/>
								<line number="32" hits="1" branch="false"/>
								<line number="33" hits="1" branch="false"/>
								<line number="34" hits="1" branch="false"/>
								<line number="35" hits="1" branch="false"/>
								<line number="36" hits="0" branch="false"/>
								<line number="37" hits="0" branch="false"/>
								<line number="39" hits="1" branch="true" condition-coverage="50% (2/4)">
									<conditions>
										<condition number="0" type="jump" coverage="50%"/>
										<condition number="1" type="jump" coverage="50%"/>
									</conditions>
								</line>
								<line number="40" hits="1" branch="false"/>
								<line number="43" hits="1" branch="false"/>
							</lines>
						</method>
					</methods>
					<lines>
						<line number="12" hits="7" branch="false"/>
						<line number="14" hits="1" branch="false"/>
						<line number="16" hits="1" branch="false"/>
						<line number="17" hits="1" branch="false"/>
						<line number="18" hits="1" branch="false"/>
						<line number="19" hits="1" branch="false"/>
						<line number="20" hits="0" branch="false"/>
						<line number="21" hits="0" branch="false"/>
						<line number="23" hits="1" branch="true" condition-coverage="50% (2/4)">
							<conditions>
								<condition number="0" type="jump" coverage="50%"/>
								<condition number="1" type="jump" coverage="50%"/>
							</conditions>
						</line>
						<line number="24" hits="1" branch="false"/>
						<line number="27" hits="1" branch="false"/>
						<line number="30" hits="1" branch="false"/>
						<line number="32" hits="1" branch="false"/>
						<line number="33" hits="1" branch="false"/>
						<line number="34" hits="1" branch="false"/>
						<line number="35" hits="1" branch="false"/>
						<line number="36" hits="0" branch="false"/>
						<line number="37" hits="0" branch="false"/>
						<line number="39" hits="1" branch="true" condition-coverage="50% (2/4)">
							<conditions>
								<condition number="0" type="jump" coverage="50%"/>
								<condition number="1" type="jump" coverage="50%"/>
							</conditions>
						</line>
						<line number="40" hits="1" branch="false"/>
						<line number="43" hits="1" branch="false"/>
						<line number="46" hits="1" branch="false"/>
						<line number="47" hits="1" branch="false"/>
						<line number="49" hits="1" branch="false"/>
						<line number="50" hits="1" branch="false"/>
						<line number="51" hits="0" branch="false"/>
						<line number="52" hits="0" branch="false"/>
						<line number="54" hits="1" branch="true" condition-coverage="50% (2/4)">
							<conditions>
								<condition number="0" type="jump" coverage="50%"/>
								<condition number="1" type="jump" coverage="50%"/>
							</conditions>
						</line>
						<line number="55" hits="1" branch="false"/>
						<line number="58" hits="1" branch="false"/>
						<line number="62" hits="1" branch="false"/>
						<line number="63" hits="1" branch="false"/>
						<line number="65" hits="1" branch="false"/>
						<line number="66" hits="1" branch="false"/>
						<line number="67" hits="0" branch="false"/>
						<line number="68" hits="0" branch="false"/>
						<line number="70" hits="1" branch="true" condition-coverage="50% (2/4)">
							<conditions>
								<condition number="0" type="jump" coverage="50%"/>
								<condition number="1" type="jump" coverage="50%"/>
							</conditions>
						</line>
						<line number="71" hits="1" branch="false"/>
						<line number="74" hits="1" branch="false"/>
						<line number="78" hits="1" branch="false"/>
						<line number="80" hits="1" branch="false"/>
						<line number="81" hits="1" branch="false"/>
						<line number="82" hits="1" branch="false"/>
						<line number="83" hits="1" branch="false"/>
						<line number="84" hits="0" branch="false"/>
						<line number="85" hits="0" branch="false"/>
						<line number="87" hits="1" branch="true" condition-coverage="50% (2/4)">
							<conditions>
								<condition number="0" type="jump" coverage="50%"/>
								<condition number="1" type="jump" coverage="50%"/>
							</conditions>
						</line>
						<line number="88" hits="1" branch="false"/>
						<line number="91" hits="1" branch="false"/>
					</lines>
				</class>
				<class name="com.if30v.MailMessanger.dao.beans.RegistredUserDAO" filename="com/if30v/MailMessanger/dao/beans/RegistredUserDAO.java" line-rate="0.8103448275862069" branch-rate="0.5" complexity="5.0">
					<methods>
						<method name="&lt;init&gt;" signature="()V" line-rate="1.0" branch-rate="1.0">
							<lines>
								<line number="17" hits="11" branch="false"/>
							</lines>
						</method>
						<method name="addUser" signature="(Lcom/if30v/MailMessanger/beans/RegistredUser;)V" line-rate="0.8" branch-rate="0.5">
							<lines>
								<line number="19" hits="1" branch="false"/>
								<line number="21" hits="1" branch="false"/>
								<line number="22" hits="1" branch="false"/>
								<line number="23" hits="1" branch="false"/>
								<line number="24" hits="0" branch="false"/>
								<line number="25" hits="1" branch="false"/>
								<line number="26" hits="1" branch="false"/>
								<line number="28" hits="1" branch="true" condition-coverage="50% (2/4)">
									<conditions>
										<condition number="0" type="jump" coverage="50%"/>
										<condition number="1" type="jump" coverage="50%"/>
									</conditions>
								</line>
								<line number="29" hits="1" branch="false"/>
								<line number="32" hits="0" branch="false"/>
							</lines>
						</method>
						<method name="deleteUser" signature="(Lcom/if30v/MailMessanger/beans/RegistredUser;)V" line-rate="0.8" branch-rate="0.5">
							<lines>
								<line number="84" hits="1" branch="false"/>
								<line number="86" hits="1" branch="false"/>
								<line number="87" hits="1" branch="false"/>
								<line number="88" hits="1" branch="false"/>
								<line number="89" hits="1" branch="false"/>
								<line number="90" hits="0" branch="false"/>
								<line number="91" hits="0" branch="false"/>
								<line number="93" hits="1" branch="true" condition-coverage="50% (2/4)">
									<conditions>
										<condition number="0" type="jump" coverage="50%"/>
										<condition number="1" type="jump" coverage="50%"/>
									</conditions>
								</line>
								<line number="94" hits="1" branch="false"/>
								<line number="97" hits="1" branch="false"/>
							</lines>
						</method>
						<method name="getAllUsers" signature="()Ljava/util/Collection;" line-rate="0.7777777777777778" branch-rate="0.5">
							<lines>
								<line number="68" hits="1" branch="false"/>
								<line number="69" hits="1" branch="false"/>
								<line number="71" hits="1" branch="false"/>
								<line number="72" hits="1" branch="false"/>
								<line number="73" hits="0" branch="false"/>
								<line number="74" hits="0" branch="false"/>
								<line number="76" hits="1" branch="true" condition-coverage="50% (2/4)">
									<conditions>
										<condition number="0" type="jump" coverage="50%"/>
										<condition number="1" type="jump" coverage="50%"/>
									</conditions>
								</line>
								<line number="77" hits="1" branch="false"/>
								<line number="80" hits="1" branch="false"/>
							</lines>
						</method>
						<method name="getUserById" signature="(I)Lcom/if30v/MailMessanger/beans/RegistredUser;" line-rate="0.7777777777777778" branch-rate="0.5">
							<lines>
								<line number="52" hits="6" branch="false"/>
								<line number="53" hits="6" branch="false"/>
								<line number="55" hits="6" branch="false"/>
								<line number="56" hits="6" branch="false"/>
								<line number="57" hits="0" branch="false"/>
								<line number="58" hits="0" branch="false"/>
								<line number="60" hits="6" branch="true" condition-coverage="50% (2/4)">
									<conditions>
										<condition number="0" type="jump" coverage="50%"/>
										<condition number="1" type="jump" coverage="50%"/>
									</conditions>
								</line>
								<line number="61" hits="6" branch="false"/>
								<line number="64" hits="6" branch="false"/>
							</lines>
						</method>
						<method name="getUserContactList" signature="(Ljava/lang/String;)Ljava/util/Collection;" line-rate="0.7777777777777778" branch-rate="0.5">
							<lines>
								<line number="100" hits="1" branch="false"/>
								<line number="101" hits="1" branch="false"/>
								<line number="103" hits="1" branch="false"/>
								<line number="104" hits="1" branch="false"/>
								<line number="105" hits="0" branch="false"/>
								<line number="106" hits="0" branch="false"/>
								<line number="109" hits="1" branch="true" condition-coverage="50% (2/4)">
									<conditions>
										<condition number="0" type="jump" coverage="50%"/>
										<condition number="1" type="jump" coverage="50%"/>
									</conditions>
								</line>
								<line number="110" hits="1" branch="false"/>
								<line number="113" hits="1" branch="false"/>
							</lines>
						</method>
						<method name="updateUser" signature="(Lcom/if30v/MailMessanger/beans/RegistredUser;)V" line-rate="0.9" branch-rate="0.5">
							<lines>
								<line number="35" hits="1" branch="false"/>
								<line number="37" hits="1" branch="false"/>
								<line number="38" hits="1" branch="false"/>
								<line number="39" hits="1" branch="false"/>
								<line number="40" hits="1" branch="false"/>
								<line number="41" hits="1" branch="false"/>
								<line number="43" hits="1" branch="false"/>
								<line number="45" hits="1" branch="true" condition-coverage="50% (2/4)">
									<conditions>
										<condition number="0" type="jump" coverage="50%"/>
										<condition number="1" type="jump" coverage="50%"/>
									</conditions>
								</line>
								<line number="46" hits="1" branch="false"/>
								<line number="49" hits="0" branch="false"/>
							</lines>
						</method>
					</methods>
					<lines>
						<line number="17" hits="11" branch="false"/>
						<line number="19" hits="1" branch="false"/>
						<line number="21" hits="1" branch="false"/>
						<line number="22" hits="1" branch="false"/>
						<line number="23" hits="1" branch="false"/>
						<line number="24" hits="0" branch="false"/>
						<line number="25" hits="1" branch="false"/>
						<line number="26" hits="1" branch="false"/>
						<line number="28" hits="1" branch="true" condition-coverage="50% (2/4)">
							<conditions>
								<condition number="0" type="jump" coverage="50%"/>
								<condition number="1" type="jump" coverage="50%"/>
							</conditions>
						</line>
						<line number="29" hits="1" branch="false"/>
						<line number="32" hits="0" branch="false"/>
						<line number="35" hits="1" branch="false"/>
						<line number="37" hits="1" branch="false"/>
						<line number="38" hits="1" branch="false"/>
						<line number="39" hits="1" branch="false"/>
						<line number="40" hits="1" branch="false"/>
						<line number="41" hits="1" branch="false"/>
						<line number="43" hits="1" branch="false"/>
						<line number="45" hits="1" branch="true" condition-coverage="50% (2/4)">
							<conditions>
								<condition number="0" type="jump" coverage="50%"/>
								<condition number="1" type="jump" coverage="50%"/>
							</conditions>
						</line>
						<line number="46" hits="1" branch="false"/>
						<line number="49" hits="0" branch="false"/>
						<line number="52" hits="6" branch="false"/>
						<line number="53" hits="6" branch="false"/>
						<line number="55" hits="6" branch="false"/>
						<line number="56" hits="6" branch="false"/>
						<line number="57" hits="0" branch="false"/>
						<line number="58" hits="0" branch="false"/>
						<line number="60" hits="6" branch="true" condition-coverage="50% (2/4)">
							<conditions>
								<condition number="0" type="jump" coverage="50%"/>
								<condition number="1" type="jump" coverage="50%"/>
							</conditions>
						</line>
						<line number="61" hits="6" branch="false"/>
						<line number="64" hits="6" branch="false"/>
						<line number="68" hits="1" branch="false"/>
						<line number="69" hits="1" branch="false"/>
						<line number="71" hits="1" branch="false"/>
						<line number="72" hits="1" branch="false"/>
						<line number="73" hits="0" branch="false"/>
						<line number="74" hits="0" branch="false"/>
						<line number="76" hits="1" branch="true" condition-coverage="50% (2/4)">
							<conditions>
								<condition number="0" type="jump" coverage="50%"/>
								<condition number="1" type="jump" coverage="50%"/>
							</conditions>
						</line>
						<line number="77" hits="1" branch="false"/>
						<line number="80" hits="1" branch="false"/>
						<line number="84" hits="1" branch="false"/>
						<line number="86" hits="1" branch="false"/>
						<line number="87" hits="1" branch="false"/>
						<line number="88" hits="1" branch="false"/>
						<line number="89" hits="1" branch="false"/>
						<line number="90" hits="0" branch="false"/>
						<line number="91" hits="0" branch="false"/>
						<line number="93" hits="1" branch="true" condition-coverage="50% (2/4)">
							<conditions>
								<condition number="0" type="jump" coverage="50%"/>
								<condition number="1" type="jump" coverage="50%"/>
							</conditions>
						</line>
						<line number="94" hits="1" branch="false"/>
						<line number="97" hits="1" branch="false"/>
						<line number="100" hits="1" branch="false"/>
						<line number="101" hits="1" branch="false"/>
						<line number="103" hits="1" branch="false"/>
						<line number="104" hits="1" branch="false"/>
						<line number="105" hits="0" branch="false"/>
						<line number="106" hits="0" branch="false"/>
						<line number="109" hits="1" branch="true" condition-coverage="50% (2/4)">
							<conditions>
								<condition number="0" type="jump" coverage="50%"/>
								<condition number="1" type="jump" coverage="50%"/>
							</conditions>
						</line>
						<line number="110" hits="1" branch="false"/>
						<line number="113" hits="1" branch="false"/>
					</lines>
				</class>
			</classes>
		</package>
		<package name="com.if30v.MailMessanger.service" line-rate="0.0" branch-rate="0.0" complexity="0.0">
			<classes>
				<class name="com.if30v.MailMessanger.service.AuthenticationService" filename="com/if30v/MailMessanger/service/AuthenticationService.java" line-rate="0.0" branch-rate="0.0" complexity="0.0">
					<methods>
						<method name="&lt;init&gt;" signature="()V" line-rate="0.0" branch-rate="1.0">
							<lines>
								<line number="12" hits="0" branch="false"/>
							</lines>
						</method>
						<method name="authenticate" signature="(Ljava/lang/String;Ljava/lang/String;)Lcom/if30v/MailMessanger/beans/RegistredUser;" line-rate="0.0" branch-rate="0.0">
							<lines>
								<line number="14" hits="0" branch="false"/>
								<line number="16" hits="0" branch="false"/>
								<line number="17" hits="0" branch="true" condition-coverage="0% (0/2)">
									<conditions>
										<condition number="0" type="jump" coverage="0%"/>
									</conditions>
								</line>
								<line number="18" hits="0" branch="false"/>
								<line number="19" hits="0" branch="false"/>
								<line number="20" hits="0" branch="false"/>
								<line number="21" hits="0" branch="false"/>
								<line number="22" hits="0" branch="false"/>
								<line number="23" hits="0" branch="false"/>
								<line number="24" hits="0" branch="false"/>
								<line number="25" hits="0" branch="false"/>
								<line number="26" hits="0" branch="false"/>
								<line number="27" hits="0" branch="true" condition-coverage="0% (0/6)">
									<conditions>
										<condition number="0" type="jump" coverage="0%"/>
										<condition number="1" type="jump" coverage="0%"/>
										<condition number="2" type="jump" coverage="0%"/>
									</conditions>
								</line>
								<line number="28" hits="0" branch="false"/>
								<line number="30" hits="0" branch="false"/>
								<line number="32" hits="0" branch="false"/>
							</lines>
						</method>
					</methods>
					<lines>
						<line number="12" hits="0" branch="false"/>
						<line number="14" hits="0" branch="false"/>
						<line number="16" hits="0" branch="false"/>
						<line number="17" hits="0" branch="true" condition-coverage="0% (0/2)">
							<conditions>
								<condition number="0" type="jump" coverage="0%"/>
							</conditions>
						</line>
						<line number="18" hits="0" branch="false"/>
						<line number="19" hits="0" branch="false"/>
						<line number="20" hits="0" branch="false"/>
						<line number="21" hits="0" branch="false"/>
						<line number="22" hits="0" branch="false"/>
						<line number="23" hits="0" branch="false"/>
						<line number="24" hits="0" branch="false"/>
						<line number="25" hits="0" branch="false"/>
						<line number="26" hits="0" branch="false"/>
						<line number="27" hits="0" branch="true" condition-coverage="0% (0/6)">
							<conditions>
								<condition number="0" type="jump" coverage="0%"/>
								<condition number="1" type="jump" coverage="0%"/>
								<condition number="2" type="jump" coverage="0%"/>
							</conditions>
						</line>
						<line number="28" hits="0" branch="false"/>
						<line number="30" hits="0" branch="false"/>
						<line number="32" hits="0" branch="false"/>
					</lines>
				</class>
				<class name="com.if30v.MailMessanger.service.RegistrationService" filename="com/if30v/MailMessanger/service/RegistrationService.java" line-rate="0.0" branch-rate="1.0" complexity="0.0">
					<methods>
						<method name="&lt;init&gt;" signature="()V" line-rate="0.0" branch-rate="1.0">
							<lines>
								<line number="20" hits="0" branch="false"/>
							</lines>
						</method>
						<method name="getControlEmail" signature="()Ljava/lang/String;" line-rate="0.0" branch-rate="1.0">
							<lines>
								<line number="52" hits="0" branch="false"/>
							</lines>
						</method>
						<method name="getDateOfBirth" signature="()Ljava/lang/String;" line-rate="0.0" branch-rate="1.0">
							<lines>
								<line number="46" hits="0" branch="false"/>
							</lines>
						</method>
						<method name="getFio" signature="()Ljava/lang/String;" line-rate="0.0" branch-rate="1.0">
							<lines>
								<line number="88" hits="0" branch="false"/>
							</lines>
						</method>
						<method name="getLogin" signature="()Ljava/lang/String;" line-rate="0.0" branch-rate="1.0">
							<lines>
								<line number="28" hits="0" branch="false"/>
							</lines>
						</method>
						<method name="getPassword" signature="()Ljava/lang/String;" line-rate="0.0" branch-rate="1.0">
							<lines>
								<line number="34" hits="0" branch="false"/>
							</lines>
						</method>
						<method name="getTelephone" signature="()Ljava/lang/String;" line-rate="0.0" branch-rate="1.0">
							<lines>
								<line number="40" hits="0" branch="false"/>
							</lines>
						</method>
						<method name="register" signature="()Z" line-rate="0.0" branch-rate="1.0">
							<lines>
								<line number="59" hits="0" branch="false"/>
								<line number="60" hits="0" branch="false"/>
								<line number="63" hits="0" branch="false"/>
								<line number="64" hits="0" branch="false"/>
								<line number="65" hits="0" branch="false"/>
								<line number="66" hits="0" branch="false"/>
								<line number="67" hits="0" branch="false"/>
								<line number="68" hits="0" branch="false"/>
								<line number="69" hits="0" branch="false"/>
								<line number="70" hits="0" branch="false"/>
								<line number="71" hits="0" branch="false"/>
								<line number="72" hits="0" branch="false"/>
								<line number="73" hits="0" branch="false"/>
								<line number="74" hits="0" branch="false"/>
								<line number="75" hits="0" branch="false"/>
								<line number="76" hits="0" branch="false"/>
								<line number="77" hits="0" branch="false"/>
								<line number="78" hits="0" branch="false"/>
								<line number="80" hits="0" branch="false"/>
								<line number="81" hits="0" branch="false"/>
								<line number="82" hits="0" branch="false"/>
								<line number="83" hits="0" branch="false"/>
								<line number="84" hits="0" branch="false"/>
							</lines>
						</method>
						<method name="setControlEmail" signature="(Ljava/lang/String;)V" line-rate="0.0" branch-rate="1.0">
							<lines>
								<line number="55" hits="0" branch="false"/>
								<line number="56" hits="0" branch="false"/>
							</lines>
						</method>
						<method name="setDateOfBirth" signature="(Ljava/lang/String;)V" line-rate="0.0" branch-rate="1.0">
							<lines>
								<line number="49" hits="0" branch="false"/>
								<line number="50" hits="0" branch="false"/>
							</lines>
						</method>
						<method name="setFio" signature="(Ljava/lang/String;)V" line-rate="0.0" branch-rate="1.0">
							<lines>
								<line number="91" hits="0" branch="false"/>
								<line number="92" hits="0" branch="false"/>
							</lines>
						</method>
						<method name="setLogin" signature="(Ljava/lang/String;)V" line-rate="0.0" branch-rate="1.0">
							<lines>
								<line number="31" hits="0" branch="false"/>
								<line number="32" hits="0" branch="false"/>
							</lines>
						</method>
						<method name="setPassword" signature="(Ljava/lang/String;)V" line-rate="0.0" branch-rate="1.0">
							<lines>
								<line number="37" hits="0" branch="false"/>
								<line number="38" hits="0" branch="false"/>
							</lines>
						</method>
						<method name="setTelephone" signature="(Ljava/lang/String;)V" line-rate="0.0" branch-rate="1.0">
							<lines>
								<line number="43" hits="0" branch="false"/>
								<line number="44" hits="0" branch="false"/>
							</lines>
						</method>
					</methods>
					<lines>
						<line number="20" hits="0" branch="false"/>
						<line number="28" hits="0" branch="false"/>
						<line number="31" hits="0" branch="false"/>
						<line number="32" hits="0" branch="false"/>
						<line number="34" hits="0" branch="false"/>
						<line number="37" hits="0" branch="false"/>
						<line number="38" hits="0" branch="false"/>
						<line number="40" hits="0" branch="false"/>
						<line number="43" hits="0" branch="false"/>
						<line number="44" hits="0" branch="false"/>
						<line number="46" hits="0" branch="false"/>
						<line number="49" hits="0" branch="false"/>
						<line number="50" hits="0" branch="false"/>
						<line number="52" hits="0" branch="false"/>
						<line number="55" hits="0" branch="false"/>
						<line number="56" hits="0" branch="false"/>
						<line number="59" hits="0" branch="false"/>
						<line number="60" hits="0" branch="false"/>
						<line number="63" hits="0" branch="false"/>
						<line number="64" hits="0" branch="false"/>
						<line number="65" hits="0" branch="false"/>
						<line number="66" hits="0" branch="false"/>
						<line number="67" hits="0" branch="false"/>
						<line number="68" hits="0" branch="false"/>
						<line number="69" hits="0" branch="false"/>
						<line number="70" hits="0" branch="false"/>
						<line number="71" hits="0" branch="false"/>
						<line number="72" hits="0" branch="false"/>
						<line number="73" hits="0" branch="false"/>
						<line number="74" hits="0" branch="false"/>
						<line number="75" hits="0" branch="false"/>
						<line number="76" hits="0" branch="false"/>
						<line number="77" hits="0" branch="false"/>
						<line number="78" hits="0" branch="false"/>
						<line number="80" hits="0" branch="false"/>
						<line number="81" hits="0" branch="false"/>
						<line number="82" hits="0" branch="false"/>
						<line number="83" hits="0" branch="false"/>
						<line number="84" hits="0" branch="false"/>
						<line number="88" hits="0" branch="false"/>
						<line number="91" hits="0" branch="false"/>
						<line number="92" hits="0" branch="false"/>
					</lines>
				</class>
			</classes>
		</package>
	</packages>
</coverage>
